Info 0    [20:25:08.885] Starting TS Server
Info 1    [20:25:08.887] Version: 4.7.4
Info 2    [20:25:08.887] Arguments: /Users/samuelbanya/.nvm/versions/node/v16.14.2/bin/node /Users/samuelbanya/.nvm/versions/node/v16.14.2/lib/node_modules/typescript/lib/tsserver.js --logFile /Users/samuelbanya/hub/Development/code/phase-2/BackToTheDrawingBoard/.log/tsserver.log --logVerbosity info --cancellationPipeName /private/var/folders/g1/tzqw879134sg6jrks5nf5nhm0000gn/T/6bbb1145db6adcbf5673bb9220661505/tscancellation*
Info 3    [20:25:08.887] Platform: darwin NodeVersion: 16 CaseSensitive: false
Info 4    [20:25:08.887] ServerMode: undefined syntaxOnly: false hasUnknownServerMode: undefined
Info 5    [20:25:08.903] Format host information updated
Info 6    [20:25:08.916] Search path: /Users/samuelbanya/hub/Development/code/phase-2/BackToTheDrawingBoard/src
Info 7    [20:25:08.918] For info: /Users/samuelbanya/hub/Development/code/phase-2/BackToTheDrawingBoard/src/Board.js :: No config files found.
Info 8    [20:25:08.923] Starting updateGraphWorker: Project: /dev/null/inferredProject1*
Info 9    [20:25:11.015] Finishing updateGraphWorker: Project: /dev/null/inferredProject1* Version: 1 structureChanged: true structureIsReused:: Not Elapsed: 2091.28274699999ms
Info 10   [20:25:11.015] Project '/dev/null/inferredProject1*' (Inferred)
Info 11   [20:25:11.015] 	Files (212)

Info 12   [20:25:11.015] -----------------------------------------------
Info 13   [20:25:11.057] AutoImportProviderProject: found 9 root files in 9 dependencies in 38.070644000021275 ms
Info 14   [20:25:11.060] Starting updateGraphWorker: Project: /dev/null/autoImportProviderProject1*
Info 15   [20:25:11.407] Finishing updateGraphWorker: Project: /dev/null/autoImportProviderProject1* Version: 1 structureChanged: true structureIsReused:: Not Elapsed: 347.20893399999477ms
Info 16   [20:25:11.407] Project '/dev/null/autoImportProviderProject1*' (AutoImportProvider)
Info 17   [20:25:11.407] 	Files (194)

Info 18   [20:25:11.407] -----------------------------------------------
Info 19   [20:25:14.374] DirectoryWatcher:: Triggered with /Users/samuelbanya/hub/Development/code/phase-2/BackToTheDrawingBoard/src/.#Board.js :: WatchInfo: /Users/samuelbanya/hub/Development/code/phase-2/BackToTheDrawingBoard/src 0 undefined Project: /dev/null/inferredProject1* WatchType: Failed Lookup Locations
Info 20   [20:25:14.374] Elapsed:: 0.21095400000922382ms DirectoryWatcher:: Triggered with /Users/samuelbanya/hub/Development/code/phase-2/BackToTheDrawingBoard/src/.#Board.js :: WatchInfo: /Users/samuelbanya/hub/Development/code/phase-2/BackToTheDrawingBoard/src 0 undefined Project: /dev/null/inferredProject1* WatchType: Failed Lookup Locations
Info 21   [20:25:14.427] Format host information updated
Info 22   [20:25:14.594] Starting updateGraphWorker: Project: /dev/null/inferredProject1*
Info 23   [20:25:14.673] Finishing updateGraphWorker: Project: /dev/null/inferredProject1* Version: 2 structureChanged: false structureIsReused:: Completely Elapsed: 79.79198400001042ms
Info 24   [20:25:14.674] Different program with same set of files
Info 25   [20:25:14.681] Starting updateGraphWorker: Project: /dev/null/inferredProject1*
Info 26   [20:25:14.717] Finishing updateGraphWorker: Project: /dev/null/inferredProject1* Version: 3 structureChanged: false structureIsReused:: Completely Elapsed: 36.259075000009034ms
Info 27   [20:25:14.717] Different program with same set of files
Info 28   [20:25:15.025] Format host information updated
Info 29   [20:25:15.239] Starting updateGraphWorker: Project: /dev/null/inferredProject1*
Info 30   [20:25:15.289] Finishing updateGraphWorker: Project: /dev/null/inferredProject1* Version: 4 structureChanged: false structureIsReused:: Completely Elapsed: 50.18122999998741ms
Info 31   [20:25:15.289] Different program with same set of files
Info 32   [20:25:16.730] Starting updateGraphWorker: Project: /dev/null/inferredProject1*
Info 33   [20:25:16.763] Finishing updateGraphWorker: Project: /dev/null/inferredProject1* Version: 5 structureChanged: false structureIsReused:: Completely Elapsed: 32.72437499999069ms
Info 34   [20:25:16.764] Different program with same set of files
Info 35   [20:25:17.452] Starting updateGraphWorker: Project: /dev/null/inferredProject1*
Info 36   [20:25:17.488] Finishing updateGraphWorker: Project: /dev/null/inferredProject1* Version: 6 structureChanged: false structureIsReused:: Completely Elapsed: 36.453072000003885ms
Info 37   [20:25:17.488] Different program with same set of files
Info 38   [20:25:20.887] Starting updateGraphWorker: Project: /dev/null/inferredProject1*
Info 39   [20:25:20.920] Finishing updateGraphWorker: Project: /dev/null/inferredProject1* Version: 7 structureChanged: false structureIsReused:: Completely Elapsed: 32.90226000000257ms
Info 40   [20:25:20.921] Different program with same set of files
Info 41   [20:25:21.742] Format host information updated
Info 42   [20:25:21.758] Format host information updated
Info 43   [20:25:21.764] Format host information updated
Info 44   [20:25:21.890] Starting updateGraphWorker: Project: /dev/null/inferredProject1*
Info 45   [20:25:21.932] Finishing updateGraphWorker: Project: /dev/null/inferredProject1* Version: 8 structureChanged: false structureIsReused:: Completely Elapsed: 41.96572500001639ms
Info 46   [20:25:21.933] Different program with same set of files
Info 47   [20:25:22.580] Starting updateGraphWorker: Project: /dev/null/inferredProject1*
Info 48   [20:25:22.622] Finishing updateGraphWorker: Project: /dev/null/inferredProject1* Version: 9 structureChanged: false structureIsReused:: Completely Elapsed: 42.04744400002528ms
Info 49   [20:25:22.622] Different program with same set of files
Info 50   [20:25:23.726] Starting updateGraphWorker: Project: /dev/null/inferredProject1*
Info 51   [20:25:23.778] Finishing updateGraphWorker: Project: /dev/null/inferredProject1* Version: 10 structureChanged: false structureIsReused:: Completely Elapsed: 51.60933700000169ms
Info 52   [20:25:23.778] Different program with same set of files
Info 53   [20:25:25.854] Format host information updated
Info 54   [20:25:25.862] Format host information updated
Info 55   [20:25:25.869] Format host information updated
Info 56   [20:25:25.872] Format host information updated
Info 57   [20:25:26.009] Starting updateGraphWorker: Project: /dev/null/inferredProject1*
Info 58   [20:25:26.039] Finishing updateGraphWorker: Project: /dev/null/inferredProject1* Version: 11 structureChanged: false structureIsReused:: Completely Elapsed: 30.01657500001602ms
Info 59   [20:25:26.039] Different program with same set of files
Info 60   [20:25:26.143] Starting updateGraphWorker: Project: /dev/null/inferredProject1*
Info 61   [20:25:26.182] Finishing updateGraphWorker: Project: /dev/null/inferredProject1* Version: 12 structureChanged: false structureIsReused:: Completely Elapsed: 39.20693600003142ms
Info 62   [20:25:26.182] Different program with same set of files
Info 63   [20:25:26.317] Starting updateGraphWorker: Project: /dev/null/inferredProject1*
Info 64   [20:25:26.368] Finishing updateGraphWorker: Project: /dev/null/inferredProject1* Version: 13 structureChanged: false structureIsReused:: Completely Elapsed: 50.62923600000795ms
Info 65   [20:25:26.368] Different program with same set of files
Info 66   [20:25:27.028] Starting updateGraphWorker: Project: /dev/null/inferredProject1*
Info 67   [20:25:27.062] Finishing updateGraphWorker: Project: /dev/null/inferredProject1* Version: 14 structureChanged: false structureIsReused:: Completely Elapsed: 34.720991000009235ms
Info 68   [20:25:27.063] Different program with same set of files
Info 69   [20:25:27.802] DirectoryWatcher:: Triggered with /Users/samuelbanya/hub/Development/code/phase-2/BackToTheDrawingBoard/src/.#Board.js :: WatchInfo: /Users/samuelbanya/hub/Development/code/phase-2/BackToTheDrawingBoard/src 0 undefined Project: /dev/null/inferredProject1* WatchType: Failed Lookup Locations
Info 70   [20:25:27.802] Elapsed:: 0.0396949999849312ms DirectoryWatcher:: Triggered with /Users/samuelbanya/hub/Development/code/phase-2/BackToTheDrawingBoard/src/.#Board.js :: WatchInfo: /Users/samuelbanya/hub/Development/code/phase-2/BackToTheDrawingBoard/src 0 undefined Project: /dev/null/inferredProject1* WatchType: Failed Lookup Locations
Info 71   [20:25:44.549] Search path: /Users/samuelbanya/hub/Development/code/phase-2/BackToTheDrawingBoard/src
Info 72   [20:25:44.549] For info: /Users/samuelbanya/hub/Development/code/phase-2/BackToTheDrawingBoard/src/Upload.js :: No config files found.
Info 73   [20:25:44.550] Starting updateGraphWorker: Project: /dev/null/inferredProject2*
Info 74   [20:25:44.787] Finishing updateGraphWorker: Project: /dev/null/inferredProject2* Version: 1 structureChanged: true structureIsReused:: Not Elapsed: 237.10493600001791ms
Info 75   [20:25:44.787] Project '/dev/null/inferredProject2*' (Inferred)
Info 76   [20:25:44.787] 	Files (208)

Info 77   [20:25:44.787] -----------------------------------------------
Info 78   [20:25:44.803] AutoImportProviderProject: attempted to add more than 10 dependencies. Aborting.
Info 79   [20:25:50.445] DirectoryWatcher:: Triggered with /Users/samuelbanya/hub/Development/code/phase-2/BackToTheDrawingBoard/src/.#Upload.js :: WatchInfo: /Users/samuelbanya/hub/Development/code/phase-2/BackToTheDrawingBoard/src 0 undefined Project: /dev/null/inferredProject1* WatchType: Failed Lookup Locations
Info 80   [20:25:50.446] Elapsed:: 0.06113200000254437ms DirectoryWatcher:: Triggered with /Users/samuelbanya/hub/Development/code/phase-2/BackToTheDrawingBoard/src/.#Upload.js :: WatchInfo: /Users/samuelbanya/hub/Development/code/phase-2/BackToTheDrawingBoard/src 0 undefined Project: /dev/null/inferredProject1* WatchType: Failed Lookup Locations
Info 81   [20:25:50.496] Format host information updated
Info 82   [20:25:50.658] Starting updateGraphWorker: Project: /dev/null/inferredProject2*
Info 83   [20:25:50.736] Finishing updateGraphWorker: Project: /dev/null/inferredProject2* Version: 2 structureChanged: false structureIsReused:: Completely Elapsed: 77.81553600000916ms
Info 84   [20:25:50.736] Different program with same set of files
Info 85   [20:25:51.079] Starting updateGraphWorker: Project: /dev/null/inferredProject2*
Info 86   [20:25:51.131] Finishing updateGraphWorker: Project: /dev/null/inferredProject2* Version: 3 structureChanged: false structureIsReused:: Completely Elapsed: 51.057747999962885ms
Info 87   [20:25:51.131] Different program with same set of files
Info 88   [20:25:51.469] Format host information updated
Info 89   [20:25:51.469] Starting updateGraphWorker: Project: /dev/null/inferredProject2*
Info 90   [20:25:51.522] Finishing updateGraphWorker: Project: /dev/null/inferredProject2* Version: 4 structureChanged: false structureIsReused:: Completely Elapsed: 52.51342899998417ms
Info 91   [20:25:51.522] Different program with same set of files
Info 92   [20:25:51.702] Format host information updated
Info 93   [20:25:51.708] Format host information updated
Info 94   [20:25:51.714] Format host information updated
Info 95   [20:25:51.718] Format host information updated
Info 96   [20:25:51.721] Format host information updated
Info 97   [20:25:51.724] Format host information updated
Info 98   [20:25:51.728] Format host information updated
Info 99   [20:25:51.732] Format host information updated
Info 100  [20:25:51.856] Starting updateGraphWorker: Project: /dev/null/inferredProject2*
Info 101  [20:25:51.904] Finishing updateGraphWorker: Project: /dev/null/inferredProject2* Version: 5 structureChanged: false structureIsReused:: Completely Elapsed: 47.359281999990344ms
Info 102  [20:25:51.904] Different program with same set of files
Info 103  [20:25:57.632] Starting updateGraphWorker: Project: /dev/null/inferredProject2*
Info 104  [20:25:57.682] Finishing updateGraphWorker: Project: /dev/null/inferredProject2* Version: 6 structureChanged: false structureIsReused:: Completely Elapsed: 49.298879999958444ms
Info 105  [20:25:57.682] Different program with same set of files
Info 106  [20:25:58.401] DirectoryWatcher:: Triggered with /Users/samuelbanya/hub/Development/code/phase-2/BackToTheDrawingBoard/src/.#Upload.js :: WatchInfo: /Users/samuelbanya/hub/Development/code/phase-2/BackToTheDrawingBoard/src 0 undefined Project: /dev/null/inferredProject1* WatchType: Failed Lookup Locations
Info 107  [20:25:58.401] Elapsed:: 0.034099999989848584ms DirectoryWatcher:: Triggered with /Users/samuelbanya/hub/Development/code/phase-2/BackToTheDrawingBoard/src/.#Upload.js :: WatchInfo: /Users/samuelbanya/hub/Development/code/phase-2/BackToTheDrawingBoard/src 0 undefined Project: /dev/null/inferredProject1* WatchType: Failed Lookup Locations
Info 108  [20:25:58.594] Starting updateGraphWorker: Project: /dev/null/inferredProject2*
Info 109  [20:25:58.638] Finishing updateGraphWorker: Project: /dev/null/inferredProject2* Version: 7 structureChanged: false structureIsReused:: Completely Elapsed: 43.61989600001834ms
Info 110  [20:25:58.638] Different program with same set of files
Info 111  [20:26:03.975] DirectoryWatcher:: Triggered with /Users/samuelbanya/hub/Development/code/phase-2/BackToTheDrawingBoard/src/.#Upload.js :: WatchInfo: /Users/samuelbanya/hub/Development/code/phase-2/BackToTheDrawingBoard/src 0 undefined Project: /dev/null/inferredProject1* WatchType: Failed Lookup Locations
Info 112  [20:26:03.975] Elapsed:: 0.07861900003626943ms DirectoryWatcher:: Triggered with /Users/samuelbanya/hub/Development/code/phase-2/BackToTheDrawingBoard/src/.#Upload.js :: WatchInfo: /Users/samuelbanya/hub/Development/code/phase-2/BackToTheDrawingBoard/src 0 undefined Project: /dev/null/inferredProject1* WatchType: Failed Lookup Locations
Info 113  [20:26:04.045] Format host information updated
Info 114  [20:26:04.053] Format host information updated
Info 115  [20:26:04.058] Format host information updated
Info 116  [20:26:04.063] Format host information updated
Info 117  [20:26:04.067] Format host information updated
Info 118  [20:26:04.203] Starting updateGraphWorker: Project: /dev/null/inferredProject2*
Info 119  [20:26:04.247] Finishing updateGraphWorker: Project: /dev/null/inferredProject2* Version: 8 structureChanged: false structureIsReused:: Completely Elapsed: 43.59072799998103ms
Info 120  [20:26:04.247] Different program with same set of files
Info 121  [20:26:04.247] Format host information updated
Info 122  [20:26:04.247] Starting updateGraphWorker: Project: /dev/null/inferredProject2*
Info 123  [20:26:04.270] Finishing updateGraphWorker: Project: /dev/null/inferredProject2* Version: 9 structureChanged: false structureIsReused:: Completely Elapsed: 22.403975999972317ms
Info 124  [20:26:04.270] Different program with same set of files
Info 125  [20:26:04.375] Format host information updated
Info 126  [20:26:04.387] Format host information updated
Info 127  [20:26:04.408] Format host information updated
Info 128  [20:26:04.415] Format host information updated
Info 129  [20:26:04.420] Format host information updated
Info 130  [20:26:04.426] Format host information updated
Info 131  [20:26:04.430] Format host information updated
Info 132  [20:26:04.436] Format host information updated
Info 133  [20:26:04.441] Format host information updated
Info 134  [20:26:04.446] Format host information updated
Info 135  [20:26:04.450] Format host information updated
Info 136  [20:26:04.535] Starting updateGraphWorker: Project: /dev/null/inferredProject2*
Info 137  [20:26:04.579] Finishing updateGraphWorker: Project: /dev/null/inferredProject2* Version: 10 structureChanged: false structureIsReused:: Completely Elapsed: 43.758345999987796ms
Info 138  [20:26:04.579] Different program with same set of files
Info 139  [20:26:08.697] Starting updateGraphWorker: Project: /dev/null/inferredProject2*
Info 140  [20:26:08.735] Finishing updateGraphWorker: Project: /dev/null/inferredProject2* Version: 11 structureChanged: false structureIsReused:: Completely Elapsed: 38.19538500002818ms
Info 141  [20:26:08.735] Different program with same set of files
Info 142  [20:26:10.650] Starting updateGraphWorker: Project: /dev/null/inferredProject2*
Info 143  [20:26:10.687] Finishing updateGraphWorker: Project: /dev/null/inferredProject2* Version: 12 structureChanged: false structureIsReused:: Completely Elapsed: 37.574431999993976ms
Info 144  [20:26:10.688] Different program with same set of files
Info 145  [20:26:10.831] Starting updateGraphWorker: Project: /dev/null/inferredProject2*
Info 146  [20:26:10.871] Finishing updateGraphWorker: Project: /dev/null/inferredProject2* Version: 13 structureChanged: false structureIsReused:: Completely Elapsed: 40.46037200000137ms
Info 147  [20:26:10.872] Different program with same set of files
Info 148  [20:26:11.108] Format host information updated
Info 149  [20:26:11.251] Starting updateGraphWorker: Project: /dev/null/inferredProject2*
Info 150  [20:26:11.295] Finishing updateGraphWorker: Project: /dev/null/inferredProject2* Version: 14 structureChanged: false structureIsReused:: Completely Elapsed: 43.740236999990884ms
Info 151  [20:26:11.295] Different program with same set of files
Info 152  [20:26:15.654] Starting updateGraphWorker: Project: /dev/null/inferredProject2*
Info 153  [20:26:15.705] Finishing updateGraphWorker: Project: /dev/null/inferredProject2* Version: 15 structureChanged: false structureIsReused:: Completely Elapsed: 50.881729000015184ms
Info 154  [20:26:15.705] Different program with same set of files
Info 155  [20:26:15.723] Starting updateGraphWorker: Project: /dev/null/inferredProject2*
Info 156  [20:26:15.756] Finishing updateGraphWorker: Project: /dev/null/inferredProject2* Version: 16 structureChanged: false structureIsReused:: Completely Elapsed: 32.77947300003143ms
Info 157  [20:26:15.756] Different program with same set of files
Info 158  [20:26:15.881] Starting updateGraphWorker: Project: /dev/null/inferredProject2*
Info 159  [20:26:15.916] Finishing updateGraphWorker: Project: /dev/null/inferredProject2* Version: 17 structureChanged: false structureIsReused:: Completely Elapsed: 34.26537500001723ms
Info 160  [20:26:15.916] Different program with same set of files
Info 161  [20:26:15.933] Starting updateGraphWorker: Project: /dev/null/inferredProject2*
Info 162  [20:26:15.963] Finishing updateGraphWorker: Project: /dev/null/inferredProject2* Version: 18 structureChanged: false structureIsReused:: Completely Elapsed: 29.675062000053003ms
Info 163  [20:26:15.963] Different program with same set of files
Info 164  [20:26:15.965] Format host information updated
Info 165  [20:26:18.025] Starting updateGraphWorker: Project: /dev/null/inferredProject2*
Info 166  [20:26:18.067] Finishing updateGraphWorker: Project: /dev/null/inferredProject2* Version: 19 structureChanged: false structureIsReused:: Completely Elapsed: 41.12081299995771ms
Info 167  [20:26:18.067] Different program with same set of files
Info 168  [20:26:18.090] Starting updateGraphWorker: Project: /dev/null/inferredProject2*
Info 169  [20:26:18.123] Finishing updateGraphWorker: Project: /dev/null/inferredProject2* Version: 20 structureChanged: false structureIsReused:: Completely Elapsed: 33.679667000018526ms
Info 170  [20:26:18.123] Different program with same set of files
Info 171  [20:26:18.363] Format host information updated
Info 172  [20:26:18.367] Format host information updated
Info 173  [20:26:18.370] Format host information updated
Info 174  [20:26:18.517] Starting updateGraphWorker: Project: /dev/null/inferredProject2*
Info 175  [20:26:18.546] Finishing updateGraphWorker: Project: /dev/null/inferredProject2* Version: 21 structureChanged: false structureIsReused:: Completely Elapsed: 29.193587000016123ms
Info 176  [20:26:18.547] Different program with same set of files
Info 177  [20:26:20.433] Format host information updated
Info 178  [20:26:20.591] Format host information updated
Info 179  [20:26:20.755] Format host information updated
Info 180  [20:26:20.762] Format host information updated
Info 181  [20:26:20.770] Format host information updated
Info 182  [20:26:20.776] Format host information updated
Info 183  [20:26:20.909] Starting updateGraphWorker: Project: /dev/null/inferredProject2*
Info 184  [20:26:20.948] Finishing updateGraphWorker: Project: /dev/null/inferredProject2* Version: 22 structureChanged: false structureIsReused:: Completely Elapsed: 39.35888299997896ms
Info 185  [20:26:20.948] Different program with same set of files
Info 186  [20:26:22.288] Starting updateGraphWorker: Project: /dev/null/inferredProject2*
Info 187  [20:26:22.316] Finishing updateGraphWorker: Project: /dev/null/inferredProject2* Version: 23 structureChanged: false structureIsReused:: Completely Elapsed: 27.773172999965027ms
Info 188  [20:26:22.316] Different program with same set of files
Info 189  [20:26:22.319] Starting updateGraphWorker: Project: /dev/null/inferredProject2*
Info 190  [20:26:22.345] Finishing updateGraphWorker: Project: /dev/null/inferredProject2* Version: 24 structureChanged: false structureIsReused:: Completely Elapsed: 25.664752000011504ms
Info 191  [20:26:22.345] Different program with same set of files
Info 192  [20:26:22.522] Format host information updated
Info 193  [20:26:22.663] Starting updateGraphWorker: Project: /dev/null/inferredProject2*
Info 194  [20:26:22.717] Finishing updateGraphWorker: Project: /dev/null/inferredProject2* Version: 25 structureChanged: false structureIsReused:: Completely Elapsed: 54.358843000023626ms
Info 195  [20:26:22.717] Different program with same set of files
Info 196  [20:26:23.096] DirectoryWatcher:: Triggered with /Users/samuelbanya/hub/Development/code/phase-2/BackToTheDrawingBoard/src/.#Upload.js :: WatchInfo: /Users/samuelbanya/hub/Development/code/phase-2/BackToTheDrawingBoard/src 0 undefined Project: /dev/null/inferredProject1* WatchType: Failed Lookup Locations
Info 197  [20:26:23.096] Elapsed:: 0.11867499997606501ms DirectoryWatcher:: Triggered with /Users/samuelbanya/hub/Development/code/phase-2/BackToTheDrawingBoard/src/.#Upload.js :: WatchInfo: /Users/samuelbanya/hub/Development/code/phase-2/BackToTheDrawingBoard/src 0 undefined Project: /dev/null/inferredProject1* WatchType: Failed Lookup Locations
Info 198  [20:26:25.220] DirectoryWatcher:: Triggered with /Users/samuelbanya/hub/Development/code/phase-2/BackToTheDrawingBoard/src/.#Upload.js :: WatchInfo: /Users/samuelbanya/hub/Development/code/phase-2/BackToTheDrawingBoard/src 0 undefined Project: /dev/null/inferredProject1* WatchType: Failed Lookup Locations
Info 199  [20:26:25.220] Elapsed:: 0.04182899999432266ms DirectoryWatcher:: Triggered with /Users/samuelbanya/hub/Development/code/phase-2/BackToTheDrawingBoard/src/.#Upload.js :: WatchInfo: /Users/samuelbanya/hub/Development/code/phase-2/BackToTheDrawingBoard/src 0 undefined Project: /dev/null/inferredProject1* WatchType: Failed Lookup Locations
Info 200  [20:26:25.587] Format host information updated
Info 201  [20:26:25.597] Format host information updated
Info 202  [20:26:25.737] Starting updateGraphWorker: Project: /dev/null/inferredProject2*
Info 203  [20:26:25.778] Finishing updateGraphWorker: Project: /dev/null/inferredProject2* Version: 26 structureChanged: false structureIsReused:: Completely Elapsed: 33.69001700001536ms
Info 204  [20:26:25.785] Different program with same set of files
Info 205  [20:26:27.288] Format host information updated
Info 206  [20:26:27.426] Starting updateGraphWorker: Project: /dev/null/inferredProject2*
Info 207  [20:26:27.469] Finishing updateGraphWorker: Project: /dev/null/inferredProject2* Version: 27 structureChanged: false structureIsReused:: Completely Elapsed: 42.72094200004358ms
Info 208  [20:26:27.469] Different program with same set of files
Info 209  [20:26:28.040] Format host information updated
Info 210  [20:26:28.049] Format host information updated
Info 211  [20:26:28.179] Starting updateGraphWorker: Project: /dev/null/inferredProject2*
Info 212  [20:26:28.219] Finishing updateGraphWorker: Project: /dev/null/inferredProject2* Version: 28 structureChanged: false structureIsReused:: Completely Elapsed: 39.87723699997878ms
Info 213  [20:26:28.219] Different program with same set of files
Info 214  [20:26:28.512] DirectoryWatcher:: Triggered with /Users/samuelbanya/hub/Development/code/phase-2/BackToTheDrawingBoard/src/.#Upload.js :: WatchInfo: /Users/samuelbanya/hub/Development/code/phase-2/BackToTheDrawingBoard/src 0 undefined Project: /dev/null/inferredProject1* WatchType: Failed Lookup Locations
Info 215  [20:26:28.512] Elapsed:: 0.05953099997714162ms DirectoryWatcher:: Triggered with /Users/samuelbanya/hub/Development/code/phase-2/BackToTheDrawingBoard/src/.#Upload.js :: WatchInfo: /Users/samuelbanya/hub/Development/code/phase-2/BackToTheDrawingBoard/src 0 undefined Project: /dev/null/inferredProject1* WatchType: Failed Lookup Locations
Info 216  [20:27:41.882] Search path: /Users/samuelbanya/hub/Development/code/phase-2/BackToTheDrawingBoard/src
Info 217  [20:27:41.882] For info: /Users/samuelbanya/hub/Development/code/phase-2/BackToTheDrawingBoard/src/Photo.js :: No config files found.
Info 218  [20:27:45.104] Format host information updated
Info 219  [20:27:45.109] Format host information updated
Info 220  [20:27:45.146] DirectoryWatcher:: Triggered with /Users/samuelbanya/hub/Development/code/phase-2/BackToTheDrawingBoard/src/.#Photo.js :: WatchInfo: /Users/samuelbanya/hub/Development/code/phase-2/BackToTheDrawingBoard/src 0 undefined Project: /dev/null/inferredProject1* WatchType: Failed Lookup Locations
Info 221  [20:27:45.146] Elapsed:: 0.06082399998558685ms DirectoryWatcher:: Triggered with /Users/samuelbanya/hub/Development/code/phase-2/BackToTheDrawingBoard/src/.#Photo.js :: WatchInfo: /Users/samuelbanya/hub/Development/code/phase-2/BackToTheDrawingBoard/src 0 undefined Project: /dev/null/inferredProject1* WatchType: Failed Lookup Locations
Info 222  [20:27:45.262] Starting updateGraphWorker: Project: /dev/null/inferredProject1*
Info 223  [20:27:45.328] Finishing updateGraphWorker: Project: /dev/null/inferredProject1* Version: 15 structureChanged: false structureIsReused:: Completely Elapsed: 66.04840800003149ms
Info 224  [20:27:45.328] Different program with same set of files
Info 225  [20:27:45.596] Format host information updated
Info 226  [20:27:45.661] Format host information updated
Info 227  [20:27:45.665] Format host information updated
Info 228  [20:27:45.670] Format host information updated
Info 229  [20:27:45.676] Format host information updated
Info 230  [20:27:45.680] Format host information updated
Info 231  [20:27:45.682] Format host information updated
Info 232  [20:27:45.817] Starting updateGraphWorker: Project: /dev/null/inferredProject1*
Info 233  [20:27:45.875] Finishing updateGraphWorker: Project: /dev/null/inferredProject1* Version: 16 structureChanged: false structureIsReused:: Completely Elapsed: 57.64950699999463ms
Info 234  [20:27:45.875] Different program with same set of files
Info 235  [20:27:48.036] Starting updateGraphWorker: Project: /dev/null/inferredProject1*
Info 236  [20:27:48.097] Finishing updateGraphWorker: Project: /dev/null/inferredProject1* Version: 17 structureChanged: false structureIsReused:: Completely Elapsed: 60.527147999964654ms
Info 237  [20:27:48.097] Different program with same set of files
Info 238  [20:27:51.047] Format host information updated
Info 239  [20:27:51.115] Format host information updated
Info 240  [20:27:51.121] Format host information updated
Info 241  [20:27:51.125] Format host information updated
Info 242  [20:27:51.129] Format host information updated
Info 243  [20:27:51.135] Format host information updated
Info 244  [20:27:51.139] Format host information updated
Info 245  [20:27:51.142] Format host information updated
Info 246  [20:27:51.146] Format host information updated
Info 247  [20:27:51.151] Format host information updated
Info 248  [20:27:51.155] Format host information updated
Info 249  [20:27:51.159] Format host information updated
Info 250  [20:27:51.162] Format host information updated
Info 251  [20:27:51.167] Format host information updated
Info 252  [20:27:51.174] Format host information updated
Info 253  [20:27:51.178] Format host information updated
Info 254  [20:27:51.183] Format host information updated
Info 255  [20:27:51.188] Format host information updated
Info 256  [20:27:51.191] Format host information updated
Info 257  [20:27:51.271] Starting updateGraphWorker: Project: /dev/null/inferredProject1*
Info 258  [20:27:51.318] Finishing updateGraphWorker: Project: /dev/null/inferredProject1* Version: 18 structureChanged: false structureIsReused:: Completely Elapsed: 47.554747999995016ms
Info 259  [20:27:51.319] Different program with same set of files
Info 260  [20:27:53.708] Starting updateGraphWorker: Project: /dev/null/inferredProject1*
Info 261  [20:27:53.746] Finishing updateGraphWorker: Project: /dev/null/inferredProject1* Version: 19 structureChanged: false structureIsReused:: Completely Elapsed: 38.320604000007734ms
Info 262  [20:27:53.746] Different program with same set of files
Info 263  [20:27:54.028] Starting updateGraphWorker: Project: /dev/null/inferredProject1*
Info 264  [20:27:54.065] Finishing updateGraphWorker: Project: /dev/null/inferredProject1* Version: 20 structureChanged: false structureIsReused:: Completely Elapsed: 36.39287899999181ms
Info 265  [20:27:54.065] Different program with same set of files
Info 266  [20:27:54.539] Starting updateGraphWorker: Project: /dev/null/inferredProject1*
Info 267  [20:27:54.597] Finishing updateGraphWorker: Project: /dev/null/inferredProject1* Version: 21 structureChanged: false structureIsReused:: Completely Elapsed: 57.790342000022065ms
Info 268  [20:27:54.597] Different program with same set of files
Info 269  [20:27:54.846] Starting updateGraphWorker: Project: /dev/null/inferredProject1*
Info 270  [20:27:54.879] Finishing updateGraphWorker: Project: /dev/null/inferredProject1* Version: 22 structureChanged: false structureIsReused:: Completely Elapsed: 32.24264399998356ms
Info 271  [20:27:54.879] Different program with same set of files
Info 272  [20:27:55.140] Starting updateGraphWorker: Project: /dev/null/inferredProject1*
Info 273  [20:27:55.184] Finishing updateGraphWorker: Project: /dev/null/inferredProject1* Version: 23 structureChanged: false structureIsReused:: Completely Elapsed: 42.97600500000408ms
Info 274  [20:27:55.184] Different program with same set of files
Info 275  [20:28:08.719] Format host information updated
Info 276  [20:28:08.732] Format host information updated
Info 277  [20:28:08.769] Format host information updated
Info 278  [20:28:08.781] Format host information updated
Info 279  [20:28:08.797] Format host information updated
Info 280  [20:28:08.804] Format host information updated
Info 281  [20:28:08.812] Format host information updated
Info 282  [20:28:08.817] Format host information updated
Info 283  [20:28:08.823] Format host information updated
Info 284  [20:28:08.829] Format host information updated
Info 285  [20:28:08.833] Format host information updated
Info 286  [20:28:08.838] Format host information updated
Info 287  [20:28:08.842] Format host information updated
Info 288  [20:28:08.846] Format host information updated
Info 289  [20:28:08.850] Format host information updated
Info 290  [20:28:08.857] Format host information updated
Info 291  [20:28:08.861] Starting updateGraphWorker: Project: /dev/null/inferredProject1*
Info 292  [20:28:08.893] Finishing updateGraphWorker: Project: /dev/null/inferredProject1* Version: 24 structureChanged: false structureIsReused:: Completely Elapsed: 31.435859000019263ms
Info 293  [20:28:08.893] Different program with same set of files
Info 294  [20:28:09.164] Starting updateGraphWorker: Project: /dev/null/inferredProject1*
Info 295  [20:28:09.191] Finishing updateGraphWorker: Project: /dev/null/inferredProject1* Version: 25 structureChanged: false structureIsReused:: Completely Elapsed: 26.33454700000584ms
Info 296  [20:28:09.191] Different program with same set of files
Info 297  [20:28:10.832] Format host information updated
Info 298  [20:28:10.837] Format host information updated
Info 299  [20:28:10.841] Format host information updated
Info 300  [20:28:10.847] Format host information updated
Info 301  [20:28:10.852] Format host information updated
Info 302  [20:28:10.989] Starting updateGraphWorker: Project: /dev/null/inferredProject1*
Info 303  [20:28:11.017] Finishing updateGraphWorker: Project: /dev/null/inferredProject1* Version: 26 structureChanged: false structureIsReused:: Completely Elapsed: 27.327095000015106ms
Info 304  [20:28:11.017] Different program with same set of files
Info 305  [20:28:12.074] DirectoryWatcher:: Triggered with /Users/samuelbanya/hub/Development/code/phase-2/BackToTheDrawingBoard/src/.#Photo.js :: WatchInfo: /Users/samuelbanya/hub/Development/code/phase-2/BackToTheDrawingBoard/src 0 undefined Project: /dev/null/inferredProject1* WatchType: Failed Lookup Locations
Info 306  [20:28:12.074] Elapsed:: 0.07058599998708814ms DirectoryWatcher:: Triggered with /Users/samuelbanya/hub/Development/code/phase-2/BackToTheDrawingBoard/src/.#Photo.js :: WatchInfo: /Users/samuelbanya/hub/Development/code/phase-2/BackToTheDrawingBoard/src 0 undefined Project: /dev/null/inferredProject1* WatchType: Failed Lookup Locations
Info 307  [20:28:23.393] DirectoryWatcher:: Triggered with /Users/samuelbanya/hub/Development/code/phase-2/BackToTheDrawingBoard/src/.#Photo.js :: WatchInfo: /Users/samuelbanya/hub/Development/code/phase-2/BackToTheDrawingBoard/src 0 undefined Project: /dev/null/inferredProject1* WatchType: Failed Lookup Locations
Info 308  [20:28:23.393] Elapsed:: 0.0694369999691844ms DirectoryWatcher:: Triggered with /Users/samuelbanya/hub/Development/code/phase-2/BackToTheDrawingBoard/src/.#Photo.js :: WatchInfo: /Users/samuelbanya/hub/Development/code/phase-2/BackToTheDrawingBoard/src 0 undefined Project: /dev/null/inferredProject1* WatchType: Failed Lookup Locations
Info 309  [20:28:23.606] Starting updateGraphWorker: Project: /dev/null/inferredProject1*
Info 310  [20:28:23.646] Finishing updateGraphWorker: Project: /dev/null/inferredProject1* Version: 27 structureChanged: false structureIsReused:: Completely Elapsed: 39.735860000015236ms
Info 311  [20:28:23.646] Different program with same set of files
Info 312  [20:28:23.721] Starting updateGraphWorker: Project: /dev/null/inferredProject1*
Info 313  [20:28:23.748] Finishing updateGraphWorker: Project: /dev/null/inferredProject1* Version: 28 structureChanged: false structureIsReused:: Completely Elapsed: 27.443515999999363ms
Info 314  [20:28:23.748] Different program with same set of files
Info 315  [20:28:23.931] Starting updateGraphWorker: Project: /dev/null/inferredProject1*
Info 316  [20:28:23.971] Finishing updateGraphWorker: Project: /dev/null/inferredProject1* Version: 29 structureChanged: false structureIsReused:: Completely Elapsed: 40.121737999957986ms
Info 317  [20:28:23.971] Different program with same set of files
Info 318  [20:28:24.266] DirectoryWatcher:: Triggered with /Users/samuelbanya/hub/Development/code/phase-2/BackToTheDrawingBoard/src/.#Photo.js :: WatchInfo: /Users/samuelbanya/hub/Development/code/phase-2/BackToTheDrawingBoard/src 0 undefined Project: /dev/null/inferredProject1* WatchType: Failed Lookup Locations
Info 319  [20:28:24.266] Elapsed:: 0.06864499999210238ms DirectoryWatcher:: Triggered with /Users/samuelbanya/hub/Development/code/phase-2/BackToTheDrawingBoard/src/.#Photo.js :: WatchInfo: /Users/samuelbanya/hub/Development/code/phase-2/BackToTheDrawingBoard/src 0 undefined Project: /dev/null/inferredProject1* WatchType: Failed Lookup Locations
Info 320  [20:28:25.006] DirectoryWatcher:: Triggered with /Users/samuelbanya/hub/Development/code/phase-2/BackToTheDrawingBoard/src/.#Photo.js :: WatchInfo: /Users/samuelbanya/hub/Development/code/phase-2/BackToTheDrawingBoard/src 0 undefined Project: /dev/null/inferredProject1* WatchType: Failed Lookup Locations
Info 321  [20:28:25.007] Elapsed:: 0.05012999998871237ms DirectoryWatcher:: Triggered with /Users/samuelbanya/hub/Development/code/phase-2/BackToTheDrawingBoard/src/.#Photo.js :: WatchInfo: /Users/samuelbanya/hub/Development/code/phase-2/BackToTheDrawingBoard/src 0 undefined Project: /dev/null/inferredProject1* WatchType: Failed Lookup Locations
Info 322  [20:28:25.420] Format host information updated
Info 323  [20:28:25.429] Format host information updated
Info 324  [20:28:25.576] Starting updateGraphWorker: Project: /dev/null/inferredProject1*
Info 325  [20:28:25.626] Finishing updateGraphWorker: Project: /dev/null/inferredProject1* Version: 30 structureChanged: false structureIsReused:: Completely Elapsed: 49.64195899997139ms
Info 326  [20:28:25.626] Different program with same set of files
Info 327  [20:28:26.070] DirectoryWatcher:: Triggered with /Users/samuelbanya/hub/Development/code/phase-2/BackToTheDrawingBoard/src/.#Photo.js :: WatchInfo: /Users/samuelbanya/hub/Development/code/phase-2/BackToTheDrawingBoard/src 0 undefined Project: /dev/null/inferredProject1* WatchType: Failed Lookup Locations
Info 328  [20:28:26.070] Elapsed:: 0.030688000028021634ms DirectoryWatcher:: Triggered with /Users/samuelbanya/hub/Development/code/phase-2/BackToTheDrawingBoard/src/.#Photo.js :: WatchInfo: /Users/samuelbanya/hub/Development/code/phase-2/BackToTheDrawingBoard/src 0 undefined Project: /dev/null/inferredProject1* WatchType: Failed Lookup Locations
Info 329  [20:28:26.952] DirectoryWatcher:: Triggered with /Users/samuelbanya/hub/Development/code/phase-2/BackToTheDrawingBoard/src/.#Photo.js :: WatchInfo: /Users/samuelbanya/hub/Development/code/phase-2/BackToTheDrawingBoard/src 0 undefined Project: /dev/null/inferredProject1* WatchType: Failed Lookup Locations
Info 330  [20:28:26.953] Elapsed:: 0.1034599999547936ms DirectoryWatcher:: Triggered with /Users/samuelbanya/hub/Development/code/phase-2/BackToTheDrawingBoard/src/.#Photo.js :: WatchInfo: /Users/samuelbanya/hub/Development/code/phase-2/BackToTheDrawingBoard/src 0 undefined Project: /dev/null/inferredProject1* WatchType: Failed Lookup Locations
Info 331  [20:28:27.368] Format host information updated
Info 332  [20:28:27.505] Starting updateGraphWorker: Project: /dev/null/inferredProject1*
Info 333  [20:28:27.563] Finishing updateGraphWorker: Project: /dev/null/inferredProject1* Version: 31 structureChanged: false structureIsReused:: Completely Elapsed: 58.06997200002661ms
Info 334  [20:28:27.564] Different program with same set of files
Info 335  [20:28:29.272] Format host information updated
Info 336  [20:28:29.417] Starting updateGraphWorker: Project: /dev/null/inferredProject1*
Info 337  [20:28:29.471] Finishing updateGraphWorker: Project: /dev/null/inferredProject1* Version: 32 structureChanged: false structureIsReused:: Completely Elapsed: 53.91622199997073ms
Info 338  [20:28:29.471] Different program with same set of files
Info 339  [20:28:29.770] DirectoryWatcher:: Triggered with /Users/samuelbanya/hub/Development/code/phase-2/BackToTheDrawingBoard/src/.#Photo.js :: WatchInfo: /Users/samuelbanya/hub/Development/code/phase-2/BackToTheDrawingBoard/src 0 undefined Project: /dev/null/inferredProject1* WatchType: Failed Lookup Locations
Info 340  [20:28:29.770] Elapsed:: 0.07860800001071766ms DirectoryWatcher:: Triggered with /Users/samuelbanya/hub/Development/code/phase-2/BackToTheDrawingBoard/src/.#Photo.js :: WatchInfo: /Users/samuelbanya/hub/Development/code/phase-2/BackToTheDrawingBoard/src 0 undefined Project: /dev/null/inferredProject1* WatchType: Failed Lookup Locations
Info 341  [20:29:17.179] Search path: /Users/samuelbanya/hub/Development/code/phase-2/BackToTheDrawingBoard/src
Info 342  [20:29:17.179] For info: /Users/samuelbanya/hub/Development/code/phase-2/BackToTheDrawingBoard/src/About.js :: No config files found.
Info 343  [20:29:17.185] Starting updateGraphWorker: Project: /dev/null/inferredProject3*
Info 344  [20:29:17.461] Finishing updateGraphWorker: Project: /dev/null/inferredProject3* Version: 1 structureChanged: true structureIsReused:: Not Elapsed: 275.9635079999571ms
Info 345  [20:29:17.462] Project '/dev/null/inferredProject3*' (Inferred)
Info 346  [20:29:17.462] 	Files (208)

Info 347  [20:29:17.462] -----------------------------------------------
Info 348  [20:29:17.479] AutoImportProviderProject: attempted to add more than 10 dependencies. Aborting.
